d:\vis\caaaaaaaap\debug\caaaaaaaap.pch
d:\vis\caaaaaaaap\debug\vc142.pdb
d:\vis\caaaaaaaap\debug\vc142.idb
d:\vis\caaaaaaaap\debug\pch.obj
d:\vis\caaaaaaaap\debug\caaaaaaaap.obj
d:\vis\caaaaaaaap\debug\caaaaaaaap.res
d:\vis\caaaaaaaap\debug\caaaaaaaap.pdb
d:\vis\caaaaaaaap\debug\caaaaaaaap.tlog\cl.command.1.tlog
d:\vis\caaaaaaaap\debug\caaaaaaaap.tlog\cl.read.1.tlog
d:\vis\caaaaaaaap\debug\caaaaaaaap.tlog\cl.write.1.tlog
d:\vis\caaaaaaaap\debug\caaaaaaaap.tlog\link-cvtres.read.1.tlog
d:\vis\caaaaaaaap\debug\caaaaaaaap.tlog\link-cvtres.write.1.tlog
d:\vis\caaaaaaaap\debug\caaaaaaaap.tlog\link-rc.read.1.tlog
d:\vis\caaaaaaaap\debug\caaaaaaaap.tlog\link-rc.write.1.tlog
d:\vis\caaaaaaaap\debug\caaaaaaaap.tlog\link.command.1.tlog
d:\vis\caaaaaaaap\debug\caaaaaaaap.tlog\link.read.1.tlog
d:\vis\caaaaaaaap\debug\caaaaaaaap.tlog\link.write.1.tlog
d:\vis\caaaaaaaap\debug\caaaaaaaap.tlog\rc.command.1.tlog
d:\vis\caaaaaaaap\debug\caaaaaaaap.tlog\rc.read.1.tlog
d:\vis\caaaaaaaap\debug\caaaaaaaap.tlog\rc.write.1.tlog
